app/build/outputs/logs/manifest-merger-debug-report.txt
-- Merging decision tree log ---
manifest
ADDED from src/main/AndroidManifest.xml:2:1-158:12
INJECTED from src/main/AndroidManifest.xml:2:1-158:12
MERGED from [com.android.support:appcompat-v7:23.0.1] AndroidManifest.xml:17:1-24:12
MERGED from [com.android.support:support-v4:23.0.1] AndroidManifest.xml:17:1-24:12
MERGED from [com.android.support.constraint:constraint-layout:1.1.3] AndroidManifest.xml:2:1-11:12
INJECTED from src/main/AndroidManifest.xml:2:1-158:12
	package
		ADDED from src/main/AndroidManifest.xml:4:5-31
		INJECTED from src/main/AndroidManifest.xml
		INJECTED from src/main/AndroidManifest.xml
	xmlns:tools
		ADDED from src/main/AndroidManifest.xml:3:5-51
	xmlns:android
		ADDED from src/main/AndroidManifest.xml:2:11-69
uses-permission#android.permission.ACCESS_NETWORK_STATE
ADDED from src/main/AndroidManifest.xml:6:5-79
	android:name
		ADDED from src/main/AndroidManifest.xml:6:22-76
uses-permission#android.permission.CHANGE_NETWORK_STATE
ADDED from src/main/AndroidManifest.xml:7:5-79
	android:name
		ADDED from src/main/AndroidManifest.xml:7:22-76
uses-permission#android.permission.WRITE_EXTERNAL_STORAGE
ADDED from src/main/AndroidManifest.xml:8:5-81
	android:name
		ADDED from src/main/AndroidManifest.xml:8:22-78
uses-permission#android.permission.WRITE_SETTINGS
ADDED from src/main/AndroidManifest.xml:9:5-73
	android:name
		ADDED from src/main/AndroidManifest.xml:9:22-70
uses-permission#android.permission.ACCESS_WIFI_STATE
ADDED from src/main/AndroidManifest.xml:10:5-76
	android:name
		ADDED from src/main/AndroidManifest.xml:10:22-73
uses-permission#android.permission.CHANGE_WIFI_MULTICAST_STATE
ADDED from src/main/AndroidManifest.xml:11:5-86
	android:name
		ADDED from src/main/AndroidManifest.xml:11:22-83
uses-permission#android.permission.CHANGE_WIFI_STATE
ADDED from src/main/AndroidManifest.xml:12:5-76
	android:name
		ADDED from src/main/AndroidManifest.xml:12:22-73
uses-permission#android.permission.WAKE_LOCK
ADDED from src/main/AndroidManifest.xml:13:5-68
	android:name
		ADDED from src/main/AndroidManifest.xml:13:22-65
uses-permission#android.permission.ACCESS_FINE_LOCATION
ADDED from src/main/AndroidManifest.xml:14:5-79
	android:name
		ADDED from src/main/AndroidManifest.xml:14:22-76
uses-permission#android.permission.ACCESS_COARSE_LOCATION
ADDED from src/main/AndroidManifest.xml:15:5-81
	android:name
		ADDED from src/main/AndroidManifest.xml:15:22-78
uses-permission#android.permission.CAMERA
ADDED from src/main/AndroidManifest.xml:16:5-65
	android:name
		ADDED from src/main/AndroidManifest.xml:16:22-62
uses-permission#android.permission.BLUETOOTH_ADMIN
ADDED from src/main/AndroidManifest.xml:17:5-74
	android:name
		ADDED from src/main/AndroidManifest.xml:17:22-71
uses-permission#android.permission.BLUETOOTH
ADDED from src/main/AndroidManifest.xml:18:5-68
	android:name
		ADDED from src/main/AndroidManifest.xml:18:22-65
uses-permission#android.permission.GET_ACCOUNTS
ADDED from src/main/AndroidManifest.xml:19:5-71
	android:name
		ADDED from src/main/AndroidManifest.xml:19:22-68
uses-permission#android.permission.USE_CREDENTIALS
ADDED from src/main/AndroidManifest.xml:20:5-74
	android:name
		ADDED from src/main/AndroidManifest.xml:20:22-71
uses-permission#android.permission.MANAGE_ACCOUNTS
ADDED from src/main/AndroidManifest.xml:21:5-74
	android:name
		ADDED from src/main/AndroidManifest.xml:21:22-71
uses-permission#android.permission.AUTHENTICATE_ACCOUNTS
ADDED from src/main/AndroidManifest.xml:22:5-80
	android:name
		ADDED from src/main/AndroidManifest.xml:22:22-77
uses-permission#android.permission.INTERNET
ADDED from src/main/AndroidManifest.xml:23:5-67
	android:name
		ADDED from src/main/AndroidManifest.xml:23:22-64
uses-permission#com.android.launcher.permission.READ_SETTINGS
ADDED from src/main/AndroidManifest.xml:24:5-85
	android:name
		ADDED from src/main/AndroidManifest.xml:24:22-82
uses-permission#android.permission.READ_PHONE_STATE
ADDED from src/main/AndroidManifest.xml:26:5-75
	android:name
		ADDED from src/main/AndroidManifest.xml:26:22-72
uses-permission#android.permission.BROADCAST_STICKY
ADDED from src/main/AndroidManifest.xml:27:5-75
	android:name
		ADDED from src/main/AndroidManifest.xml:27:22-72
uses-permission#android.permission.VIBRATE
ADDED from src/main/AndroidManifest.xml:30:5-66
	android:name
		ADDED from src/main/AndroidManifest.xml:30:22-63
uses-permission#android.permission.FLASHLIGHT
ADDED from src/main/AndroidManifest.xml:31:5-69
	android:name
		ADDED from src/main/AndroidManifest.xml:31:22-66
uses-permission#android.permission.NFC
ADDED from src/main/AndroidManifest.xml:32:5-62
	android:name
		ADDED from src/main/AndroidManifest.xml:32:22-59
uses-permission#android.permission.BAIDU_LOCATION_SERVICE
ADDED from src/main/AndroidManifest.xml:33:5-97
	android:name
		ADDED from src/main/AndroidManifest.xml:33:22-78
uses-feature#android.hardware.camera
ADDED from src/main/AndroidManifest.xml:35:5-60
	android:name
		ADDED from src/main/AndroidManifest.xml:35:19-57
uses-feature#android.hardware.camera.autofocus
ADDED from src/main/AndroidManifest.xml:36:5-70
	android:name
		ADDED from src/main/AndroidManifest.xml:36:19-67
uses-feature#android.hardware.nfc
ADDED from src/main/AndroidManifest.xml:37:5-39:35
	android:required
		ADDED from src/main/AndroidManifest.xml:39:9-32
	android:name
		ADDED from src/main/AndroidManifest.xml:38:9-44
application
ADDED from src/main/AndroidManifest.xml:41:5-156:19
MERGED from [com.android.support:appcompat-v7:23.0.1] AndroidManifest.xml:22:5-20
MERGED from [com.android.support:appcompat-v7:23.0.1] AndroidManifest.xml:22:5-20
MERGED from [com.android.support:support-v4:23.0.1] AndroidManifest.xml:22:5-20
MERGED from [com.android.support:support-v4:23.0.1] AndroidManifest.xml:22:5-20
MERGED from [com.android.support.constraint:constraint-layout:1.1.3] AndroidManifest.xml:9:5-20
MERGED from [com.android.support.constraint:constraint-layout:1.1.3] AndroidManifest.xml:9:5-20
	android:label
		ADDED from src/main/AndroidManifest.xml:44:9-41
	android:icon
		ADDED from src/main/AndroidManifest.xml:43:9-45
	android:allowBackup
		ADDED from src/main/AndroidManifest.xml:42:9-35
	android:theme
		ADDED from src/main/AndroidManifest.xml:45:9-43
meta-data#com.baidu.lbsapi.API_KEY
ADDED from src/main/AndroidManifest.xml:46:9-48:56
	android:value
		ADDED from src/main/AndroidManifest.xml:48:13-53
	android:name
		ADDED from src/main/AndroidManifest.xml:47:13-52
service#com.baidu.location.f
ADDED from src/main/AndroidManifest.xml:51:9-54:49
	android:process
		ADDED from src/main/AndroidManifest.xml:54:13-38
	android:enabled
		ADDED from src/main/AndroidManifest.xml:53:13-35
	android:name
		ADDED from src/main/AndroidManifest.xml:52:13-48
receiver#com.fgtit.service.UsbBroadcastReceiver
ADDED from src/main/AndroidManifest.xml:56:9-61:20
	android:name
		ADDED from src/main/AndroidManifest.xml:56:19-72
intent-filter#NotifyUsbStartNet+NotifyUsbStopNet
ADDED from src/main/AndroidManifest.xml:57:13-60:29
action#NotifyUsbStartNet
ADDED from src/main/AndroidManifest.xml:58:17-60
	android:name
		ADDED from src/main/AndroidManifest.xml:58:25-57
action#NotifyUsbStopNet
ADDED from src/main/AndroidManifest.xml:59:17-59
	android:name
		ADDED from src/main/AndroidManifest.xml:59:25-56
service#com.fgtit.service.ConnectService
ADDED from src/main/AndroidManifest.xml:63:9-76
	android:name
		ADDED from src/main/AndroidManifest.xml:63:18-65
activity#com.fgtit.finger.MainActivity
ADDED from src/main/AndroidManifest.xml:65:9-71:20
	android:screenOrientation
		ADDED from src/main/AndroidManifest.xml:68:13-49
	android:label
		ADDED from src/main/AndroidManifest.xml:67:13-45
	android:name
		ADDED from src/main/AndroidManifest.xml:66:13-41
activity#com.fgtit.finger.LoginActivity
ADDED from src/main/AndroidManifest.xml:72:9-83:20
	android:screenOrientation
		ADDED from src/main/AndroidManifest.xml:75:13-49
	android:label
		ADDED from src/main/AndroidManifest.xml:74:13-57
	android:name
		ADDED from src/main/AndroidManifest.xml:73:13-42
intent-filter#android.intent.action.MAIN+android.intent.category.LAUNCHER
ADDED from src/main/AndroidManifest.xml:76:13-80:29
action#android.intent.action.MAIN
ADDED from src/main/AndroidManifest.xml:77:17-69
	android:name
		ADDED from src/main/AndroidManifest.xml:77:25-66
category#android.intent.category.LAUNCHER
ADDED from src/main/AndroidManifest.xml:79:17-77
	android:name
		ADDED from src/main/AndroidManifest.xml:79:27-74
activity#com.fgtit.finger.MenuActivity
ADDED from src/main/AndroidManifest.xml:84:9-87:61
	android:screenOrientation
		ADDED from src/main/AndroidManifest.xml:87:13-49
	android:label
		ADDED from src/main/AndroidManifest.xml:86:13-56
	android:name
		ADDED from src/main/AndroidManifest.xml:85:13-41
activity#com.fgtit.finger.SignOnActivity
ADDED from src/main/AndroidManifest.xml:88:9-92:61
	android:screenOrientation
		ADDED from src/main/AndroidManifest.xml:92:13-49
	android:label
		ADDED from src/main/AndroidManifest.xml:91:13-59
	android:configChanges
		ADDED from src/main/AndroidManifest.xml:90:13-74
	android:name
		ADDED from src/main/AndroidManifest.xml:89:13-43
activity#com.fgtit.finger.SignOffActivity
ADDED from src/main/AndroidManifest.xml:93:9-97:61
	android:screenOrientation
		ADDED from src/main/AndroidManifest.xml:97:13-49
	android:label
		ADDED from src/main/AndroidManifest.xml:96:13-60
	android:configChanges
		ADDED from src/main/AndroidManifest.xml:95:13-74
	android:name
		ADDED from src/main/AndroidManifest.xml:94:13-44
activity#com.fgtit.finger.RecordsActivity
ADDED from src/main/AndroidManifest.xml:98:9-102:69
	android:screenOrientation
		ADDED from src/main/AndroidManifest.xml:101:13-49
	android:label
		ADDED from src/main/AndroidManifest.xml:100:13-59
	android:windowSoftInputMode
		ADDED from src/main/AndroidManifest.xml:102:13-57
	android:name
		ADDED from src/main/AndroidManifest.xml:99:13-44
activity#com.fgtit.finger.EmployeesActivity
ADDED from src/main/AndroidManifest.xml:103:9-106:61
	android:screenOrientation
		ADDED from src/main/AndroidManifest.xml:106:13-49
	android:label
		ADDED from src/main/AndroidManifest.xml:105:13-61
	android:name
		ADDED from src/main/AndroidManifest.xml:104:13-46
activity#com.fgtit.finger.EmployeeActivity
ADDED from src/main/AndroidManifest.xml:107:9-110:61
	android:screenOrientation
		ADDED from src/main/AndroidManifest.xml:110:13-49
	android:label
		ADDED from src/main/AndroidManifest.xml:109:13-60
	android:name
		ADDED from src/main/AndroidManifest.xml:108:13-45
activity#com.fgtit.finger.CameraExActivity
ADDED from src/main/AndroidManifest.xml:111:9-114:61
	android:screenOrientation
		ADDED from src/main/AndroidManifest.xml:114:13-49
	android:label
		ADDED from src/main/AndroidManifest.xml:113:13-64
	android:name
		ADDED from src/main/AndroidManifest.xml:112:13-45
activity#com.fgtit.finger.UtilitiesActivity
ADDED from src/main/AndroidManifest.xml:115:9-118:61
	android:screenOrientation
		ADDED from src/main/AndroidManifest.xml:118:13-49
	android:label
		ADDED from src/main/AndroidManifest.xml:117:13-61
	android:name
		ADDED from src/main/AndroidManifest.xml:116:13-46
activity#com.fgtit.finger.SystemActivity
ADDED from src/main/AndroidManifest.xml:119:9-122:61
	android:screenOrientation
		ADDED from src/main/AndroidManifest.xml:122:13-49
	android:label
		ADDED from src/main/AndroidManifest.xml:121:13-58
	android:name
		ADDED from src/main/AndroidManifest.xml:120:13-43
activity#com.fgtit.finger.SettingsActivity
ADDED from src/main/AndroidManifest.xml:123:9-126:61
	android:screenOrientation
		ADDED from src/main/AndroidManifest.xml:126:13-49
	android:label
		ADDED from src/main/AndroidManifest.xml:125:13-60
	android:name
		ADDED from src/main/AndroidManifest.xml:124:13-45
activity#android.scanner.CaptureActivity
ADDED from src/main/AndroidManifest.xml:127:9-132:72
	android:screenOrientation
		ADDED from src/main/AndroidManifest.xml:130:13-49
	android:windowSoftInputMode
		ADDED from src/main/AndroidManifest.xml:132:13-60
	android:configChanges
		ADDED from src/main/AndroidManifest.xml:129:13-63
	android:theme
		ADDED from src/main/AndroidManifest.xml:131:13-71
	android:name
		ADDED from src/main/AndroidManifest.xml:128:13-59
activity#com.fgtit.finger.DeviceListActivity
ADDED from src/main/AndroidManifest.xml:133:9-137:61
	android:screenOrientation
		ADDED from src/main/AndroidManifest.xml:137:13-49
	android:label
		ADDED from src/main/AndroidManifest.xml:136:13-56
	android:configChanges
		ADDED from src/main/AndroidManifest.xml:135:13-63
	android:name
		ADDED from src/main/AndroidManifest.xml:134:13-47
activity#com.fgtit.finger.EnrollActivity
ADDED from src/main/AndroidManifest.xml:138:9-142:69
	android:screenOrientation
		ADDED from src/main/AndroidManifest.xml:141:13-49
	android:label
		ADDED from src/main/AndroidManifest.xml:140:13-61
	android:windowSoftInputMode
		ADDED from src/main/AndroidManifest.xml:142:13-57
	android:name
		ADDED from src/main/AndroidManifest.xml:139:13-43
activity#com.fgtit.finger.CameraActivity
ADDED from src/main/AndroidManifest.xml:143:9-146:61
	android:screenOrientation
		ADDED from src/main/AndroidManifest.xml:146:13-49
	android:label
		ADDED from src/main/AndroidManifest.xml:145:13-64
	android:name
		ADDED from src/main/AndroidManifest.xml:144:13-43
activity#com.fgtit.finger.AdminActivity
ADDED from src/main/AndroidManifest.xml:147:9-150:61
	android:screenOrientation
		ADDED from src/main/AndroidManifest.xml:150:13-49
	android:label
		ADDED from src/main/AndroidManifest.xml:149:13-57
	android:name
		ADDED from src/main/AndroidManifest.xml:148:13-42
activity#com.fgtit.finger.AboutActivity
ADDED from src/main/AndroidManifest.xml:151:9-154:61
	android:screenOrientation
		ADDED from src/main/AndroidManifest.xml:154:13-49
	android:label
		ADDED from src/main/AndroidManifest.xml:153:13-57
	android:name
		ADDED from src/main/AndroidManifest.xml:152:13-42
activity#com.fgtit.finger.PaymentActivity
ADDED from src/main/AndroidManifest.xml:155:9-62
	android:name
		ADDED from src/main/AndroidManifest.xml:155:19-50
uses-sdk
INJECTED from src/main/AndroidManifest.xml reason: use-sdk injection requested
INJECTED from src/main/AndroidManifest.xml
INJECTED from src/main/AndroidManifest.xml
MERGED from [com.android.support:appcompat-v7:23.0.1] AndroidManifest.xml:20:5-43
MERGED from [com.android.support:appcompat-v7:23.0.1] AndroidManifest.xml:20:5-43
MERGED from [com.android.support:support-v4:23.0.1] AndroidManifest.xml:20:5-43
MERGED from [com.android.support:support-v4:23.0.1] AndroidManifest.xml:20:5-43
MERGED from [com.android.support.constraint:constraint-layout:1.1.3] AndroidManifest.xml:5:5-7:41
MERGED from [com.android.support.constraint:constraint-layout:1.1.3] AndroidManifest.xml:5:5-7:41
INJECTED from src/main/AndroidManifest.xml
INJECTED from src/main/AndroidManifest.xml
	android:targetSdkVersion
		INJECTED from src/main/AndroidManifest.xml
		ADDED from src/main/AndroidManifest.xml
		INJECTED from src/main/AndroidManifest.xml
	android:minSdkVersion
		INJECTED from src/main/AndroidManifest.xml
		ADDED from src/main/AndroidManifest.xml
		INJECTED from src/main/AndroidManifest.xml